\BOOKMARK [0][-]{section*.1}{\376\377\000N\000H\036\254\000N\000\040\000X\000\311\000T\000\040\000C\036\346\000A\000\040\000G\000I\036\242\000N\000G\000\040\000V\000I\000\312\000N\000\040\000H\001\257\036\332\000N\000G\000\040\000D\036\252\000N}{}% 1
\BOOKMARK [0][-]{section*.3}{\376\377\000N\000H\036\254\000N\000\040\000X\000\311\000T\000\040\000C\036\346\000A\000\040\000G\000I\036\242\000N\000G\000\040\000V\000I\000\312\000N\000\040\000P\000H\036\242\000N\000\040\000B\000I\036\306\000N}{}% 2
\BOOKMARK [0][-]{chapter*.5}{\376\377\000L\036\334\000I\000\040\000C\000A\000M\000\040\001\020\000O\000A\000N}{}% 3
\BOOKMARK [0][-]{chapter*.6}{\376\377\000L\036\334\000I\000\040\000C\036\242\000M\000\040\001\240\000N}{}% 4
\BOOKMARK [0][-]{chapter*.7}{\376\377\000T\000\323\000M\000\040\000L\001\257\036\342\000C}{}% 5
\BOOKMARK [0][-]{chapter*.10}{\376\377\000D\000A\000N\000H\000\040\000M\036\344\000C\000\040\000C\000\301\000C\000\040\000T\036\352\000\040\000V\000I\036\276\000T\000\040\000T\036\256\000T\000\040\000V\000\300\000\040\000T\000H\000U\036\254\000T\000\040\000N\000G\036\356}{}% 6
\BOOKMARK [0][-]{section*.11}{\376\377\000D\000A\000N\000H\000\040\000M\036\344\000C\000\040\000H\000\314\000N\000H\000\040\000V\036\274}{}% 7
\BOOKMARK [0][-]{section*.13}{\376\377\000D\000A\000N\000H\000\040\000M\036\344\000C\000\040\000B\036\242\000N\000G\000\040\000B\000I\036\302\000U}{}% 8
\BOOKMARK [0][-]{chapter*.15}{\376\377\000L\036\334\000I\000\040\000M\036\336\000\040\001\020\036\246\000U}{}% 9
\BOOKMARK [1][-]{section.0.1}{\376\377\0001\000.\000\040\000L\000\375\000\040\000d\000o\000\040\000c\000h\036\315\000n\000\040\001\021\036\301\000\040\000t\000\340\000i}{chapter*.15}% 10
\BOOKMARK [1][-]{section.0.2}{\376\377\0002\000.\000\040\000M\036\345\000c\000\040\000t\000i\000\352\000u\000\040\000n\000g\000h\000i\000\352\000n\000\040\000c\036\351\000u}{chapter*.15}% 11
\BOOKMARK [1][-]{section.0.3}{\376\377\0003\000.\000\040\001\020\036\321\000i\000\040\000t\001\260\036\343\000n\000g\000\040\000v\000\340\000\040\000p\000h\036\241\000m\000\040\000v\000i\000\040\000n\000g\000h\000i\000\352\000n\000\040\000c\036\351\000u}{chapter*.15}% 12
\BOOKMARK [1][-]{section.0.4}{\376\377\0004\000.\000\040\000P\000h\001\260\001\241\000n\000g\000\040\000p\000h\000\341\000p\000\040\000n\000g\000h\000i\000\352\000n\000\040\000c\036\351\000u}{chapter*.15}% 13
\BOOKMARK [1][-]{section.0.5}{\376\377\0005\000.\000\040\000C\036\245\000u\000\040\000t\000r\000\372\000c\000\040\000c\036\347\000a\000\040\001\021\036\323\000\040\000\341\000n}{chapter*.15}% 14
\BOOKMARK [0][-]{chapter.1}{\376\377\0001\000\040\000K\000H\036\242\000O\000\040\000S\000\301\000T\000\040\000T\000H\036\312\000\040\000T\000R\001\257\036\334\000N\000G\000\040\000V\000\300\000\040\000X\000\301\000C\000\040\001\020\036\312\000N\000H\000\040\000M\000\324\000\040\000H\000\314\000N\000H\000\040\000K\000I\000N\000H\000\040\000D\000O\000A\000N\000H}{}% 15
\BOOKMARK [0][-]{chapter.2}{\376\377\0002\000\040\000P\000H\000\302\000N\000\040\000T\000\315\000C\000H\000\040\000C\000H\036\350\000C\000\040\000N\001\002\000N\000G\000\040\000V\000\300\000\040\000T\000H\000I\036\276\000T\000\040\000K\036\276\000\040\000H\036\306\000\040\000T\000H\036\320\000N\000G}{}% 16
\BOOKMARK [1][-]{section.2.1}{\376\377\0001\000.\000\040\000Y\000\352\000u\000\040\000c\036\247\000u\000\040\000c\000h\036\351\000c\000\040\000n\001\003\000n\000g\000\040\000c\036\347\000a\000\040\000W\000e\000b\000s\000i\000t\000e\000\040\000T\000M\001\020\000T}{chapter.2}% 17
\BOOKMARK [2][-]{subsection.2.1.1}{\376\377\0001\000.\0001\000.\000\040\000P\000h\000\342\000n\000\040\000h\036\307\000\040\000p\000h\000\355\000a\000\040\000k\000h\000\341\000c\000h\000\040\000h\000\340\000n\000g}{section.2.1}% 18
\BOOKMARK [2][-]{subsection.2.1.2}{\376\377\0001\000.\0002\000.\000\040\000P\000h\000\342\000n\000\040\000h\036\307\000\040\000p\000h\000\355\000a\000\040\000q\000u\036\243\000n\000\040\000t\000r\036\313}{section.2.1}% 19
\BOOKMARK [1][-]{section.2.2}{\376\377\0002\000.\000\040\000S\001\241\000\040\001\021\036\323\000\040\000c\036\245\000u\000\040\000t\000r\000\372\000c\000\040\000W\000e\000b\000s\000i\000t\000e}{chapter.2}% 20
\BOOKMARK [1][-]{section.2.3}{\376\377\0003\000.\000\040\000Q\000u\000y\000\040\000t\000r\000\354\000n\000h\000\040\000n\000g\000h\000i\036\307\000p\000\040\000v\036\345\000\040\000c\000h\000\355\000n\000h}{chapter.2}% 21
\BOOKMARK [1][-]{section.2.4}{\376\377\0004\000.\000\040\000B\036\243\000n\000g\000\040\000t\036\361\000\040\001\021\000\341\000n\000h\000\040\000g\000i\000\341\000\040\000c\000h\036\245\000t\000\040\000l\001\260\036\343\000n\000g}{chapter.2}% 22
\BOOKMARK [0][-]{chapter.3}{\376\377\0003\000\040\000T\000R\000I\036\302\000N\000\040\000K\000H\000A\000I\000\040\000X\000\302\000Y\000\040\000D\036\360\000N\000G\000\040\000W\000E\000B\000S\000I\000T\000E\000\040\000T\000R\000\312\000N\000\040\000W\000O\000R\000D\000P\000R\000E\000S\000S}{}% 23
\BOOKMARK [0][-]{chapter.4}{\376\377\0004\000\040\000C\036\244\000U\000\040\000H\000\314\000N\000H\000\040\000W\000O\000O\000C\000O\000M\000M\000E\000R\000C\000E\000\040\000V\000\300\000\040\000C\000\301\000C\000\040\000T\000\315\000N\000H\000\040\000N\001\002\000N\000G\000\040\000B\000\301\000N\000\040\000H\000\300\000N\000G}{}% 24
\BOOKMARK [1][-]{section.4.1}{\376\377\0001\000.\000\040\000D\000a\000n\000h\000\040\000m\036\345\000c\000\040\000v\000\340\000\040\000S\036\243\000n\000\040\000p\000h\036\251\000m}{chapter.4}% 25
\BOOKMARK [2][-]{subsection.4.1.1}{\376\377\0001\000.\0001\000.\000\040\000C\000h\000i\000a\000\040\000d\000a\000n\000h\000\040\000m\036\345\000c\000\040\000s\036\243\000n\000\040\000p\000h\036\251\000m\000\040\000\050\000C\000a\000t\000e\000g\000o\000r\000i\000e\000s\000\051}{section.4.1}% 26
\BOOKMARK [2][-]{subsection.4.1.2}{\376\377\0001\000.\0002\000.\000\040\001\020\001\260\000a\000\040\000s\036\243\000n\000\040\000p\000h\036\251\000m\000\040\000l\000\352\000n\000\040\000w\000e\000b}{section.4.1}% 27
\BOOKMARK [1][-]{section.4.2}{\376\377\0002\000.\000\040\000V\036\255\000n\000\040\000c\000h\000u\000y\036\303\000n\000\040\000v\000\340\000\040\000T\000h\000u\036\277\000\040\000\050\000S\000h\000i\000p\000p\000i\000n\000g\000\040\000\046\000\040\000T\000a\000x\000e\000s\000\051}{chapter.4}% 28
\BOOKMARK [2][-]{subsection.4.2.1}{\376\377\0002\000.\0001\000.\000\040\000P\000h\000\355\000\040\000s\000h\000i\000p\000\040\000\050\000S\000h\000i\000p\000p\000i\000n\000g\000\040\000Z\000o\000n\000e\000s\000\051}{section.4.2}% 29
\BOOKMARK [2][-]{subsection.4.2.2}{\376\377\0002\000.\0002\000.\000\040\000C\036\245\000u\000\040\000h\000\354\000n\000h\000\040\000T\000h\000u\036\277}{section.4.2}% 30
\BOOKMARK [1][-]{section.4.3}{\376\377\0003\000.\000\040\000C\036\325\000n\000g\000\040\000t\000h\000a\000n\000h\000\040\000t\000o\000\341\000n\000\040\000\050\000P\000a\000y\000m\000e\000n\000t\000\040\000G\000a\000t\000e\000w\000a\000y\000s\000\051}{chapter.4}% 31
\BOOKMARK [2][-]{subsection.4.3.1}{\376\377\0003\000.\0001\000.\000\040\000T\000h\000a\000n\000h\000\040\000t\000o\000\341\000n\000\040\000k\000h\000i\000\040\000n\000h\036\255\000n\000\040\000h\000\340\000n\000g\000\040\000\050\000C\000O\000D\000\051}{section.4.3}% 32
\BOOKMARK [2][-]{subsection.4.3.2}{\376\377\0003\000.\0002\000.\000\040\000T\000h\000a\000n\000h\000\040\000t\000o\000\341\000n\000\040\000q\000u\000a\000\040\000P\000a\000y\000P\000a\000l}{section.4.3}% 33
\BOOKMARK [1][-]{section.4.4}{\376\377\0004\000.\000\040\000K\000h\000u\000y\036\277\000n\000\040\000m\000\343\000i\000\040\000v\000\340\000\040\000M\000\343\000\040\000g\000i\036\243\000m\000\040\000g\000i\000\341\000\040\000\050\000C\000o\000u\000p\000o\000n\000s\000\051}{chapter.4}% 34
\BOOKMARK [0][-]{chapter.5}{\376\377\0005\000\040\001\020\000\301\000N\000H\000\040\000G\000I\000\301\000\040\000K\036\276\000T\000\040\000Q\000U\036\242\000\040\000V\000\300\000\040\000K\036\276\000\040\000H\000O\036\240\000C\000H\000\040\000T\000I\036\276\000P\000\040\000T\000H\000E\000O}{}% 35
\BOOKMARK [0][-]{section*.20}{\376\377\000T\000\300\000I\000\040\000L\000I\036\306\000U\000\040\000T\000H\000A\000M\000\040\000K\000H\036\242\000O}{}% 36
